<?xml version="1.0" encoding="UTF-8"?>
<coverage generated="1681727760288" clover="3.2.0">
  <project timestamp="1681727760288" name="All files">
    <metrics statements="23" coveredstatements="22" conditionals="10" coveredconditionals="7" methods="9" coveredmethods="9" elements="42" coveredelements="38" complexity="0" loc="23" ncloc="23" packages="2" files="3" classes="3"/>
    <package name="api">
      <metrics statements="4" coveredstatements="4" conditionals="0" coveredconditionals="0" methods="1" coveredmethods="1"/>
      <file name="fetchPokemon.tsx" path="E:\React-Native\PokeApp\src\api\fetchPokemon.tsx">
        <metrics statements="4" coveredstatements="4" conditionals="0" coveredconditionals="0" methods="1" coveredmethods="1"/>
        <line num="2" count="1" type="stmt"/>
        <line num="4" count="1" type="stmt"/>
        <line num="5" count="2" type="stmt"/>
        <line num="6" count="2" type="stmt"/>
      </file>
    </package>
    <package name="screens">
      <metrics statements="19" coveredstatements="18" conditionals="10" coveredconditionals="7" methods="8" coveredmethods="8"/>
      <file name="PokeData.tsx" path="E:\React-Native\PokeApp\src\screens\PokeData.tsx">
        <metrics statements="12" coveredstatements="11" conditionals="6" coveredconditionals="4" methods="4" coveredmethods="4"/>
        <line num="37" count="1" type="stmt"/>
        <line num="38" count="1" type="stmt"/>
        <line num="45" count="1" type="stmt"/>
        <line num="46" count="1" type="stmt"/>
        <line num="47" count="1" type="stmt"/>
        <line num="48" count="1" type="stmt"/>
        <line num="49" count="0" type="cond" truecount="0" falsecount="2"/>
        <line num="55" count="1" type="stmt"/>
        <line num="63" count="1" type="stmt"/>
        <line num="66" count="2" type="stmt"/>
        <line num="67" count="2" type="stmt"/>
        <line num="94" count="1" type="stmt"/>
      </file>
      <file name="PokeInput.tsx" path="E:\React-Native\PokeApp\src\screens\PokeInput.tsx">
        <metrics statements="7" coveredstatements="7" conditionals="4" coveredconditionals="3" methods="4" coveredmethods="4"/>
        <line num="24" count="2" type="stmt"/>
        <line num="25" count="2" type="stmt"/>
        <line num="31" count="4" type="stmt"/>
        <line num="32" count="4" type="stmt"/>
        <line num="37" count="1" type="stmt"/>
        <line num="48" count="1" type="cond" truecount="1" falsecount="1"/>
        <line num="63" count="1" type="stmt"/>
      </file>
    </package>
  </project>
</coverage>
