<?xml version="1.0" encoding="UTF-8"?>
<coverage generated="1681628092364" clover="3.2.0">
  <project timestamp="1681628092365" name="All files">
    <metrics statements="7" coveredstatements="7" conditionals="4" coveredconditionals="3" methods="4" coveredmethods="4" elements="15" coveredelements="14" complexity="0" loc="7" ncloc="7" packages="1" files="1" classes="1"/>
    <file name="PokeInput.tsx" path="E:\React-Native\PokeApp\src\screens\PokeInput.tsx">
      <metrics statements="7" coveredstatements="7" conditionals="4" coveredconditionals="3" methods="4" coveredmethods="4"/>
      <line num="24" count="2" type="stmt"/>
      <line num="25" count="2" type="stmt"/>
      <line num="31" count="4" type="stmt"/>
      <line num="32" count="4" type="stmt"/>
      <line num="37" count="1" type="stmt"/>
      <line num="48" count="1" type="cond" truecount="1" falsecount="1"/>
      <line num="63" count="1" type="stmt"/>
    </file>
  </project>
</coverage>
