{"E:\\React-Native\\PokeApp\\src\\screens\\PokeInput.tsx": {"path":"E:\\React-Native\\PokeApp\\src\\screens\\PokeInput.tsx","statementMap":{"0":{"start":{"line":24,"column":4},"end":{"line":24,"column":17}},"1":{"start":{"line":25,"column":4},"end":{"line":28,"column":6}},"2":{"start":{"line":31,"column":25},"end":{"line":31,"column":35}},"3":{"start":{"line":32,"column":4},"end":{"line":59,"column":6}},"4":{"start":{"line":37,"column":31},"end":{"line":37,"column":77}},"5":{"start":{"line":48,"column":12},"end":{"line":52,"column":19}},"6":{"start":{"line":63,"column":15},"end":{"line":95,"column":2}}},"fnMap":{"0":{"name":"(anonymous_0)","decl":{"start":{"line":23,"column":2},"end":{"line":23,"column":3}},"loc":{"start":{"line":23,"column":29},"end":{"line":29,"column":3}},"line":23},"1":{"name":"(anonymous_1)","decl":{"start":{"line":30,"column":2},"end":{"line":30,"column":3}},"loc":{"start":{"line":30,"column":11},"end":{"line":60,"column":3}},"line":30},"2":{"name":"(anonymous_2)","decl":{"start":{"line":37,"column":24},"end":{"line":37,"column":25}},"loc":{"start":{"line":37,"column":31},"end":{"line":37,"column":77}},"line":37},"3":{"name":"(anonymous_3)","decl":{"start":{"line":47,"column":19},"end":{"line":47,"column":20}},"loc":{"start":{"line":47,"column":25},"end":{"line":53,"column":11}},"line":47}},"branchMap":{"0":{"loc":{"start":{"line":42,"column":9},"end":{"line":44,"column":9}},"type":"binary-expr","locations":[{"start":{"line":42,"column":9},"end":{"line":42,"column":27}},{"start":{"line":43,"column":10},"end":{"line":43,"column":70}}],"line":42},"1":{"loc":{"start":{"line":48,"column":12},"end":{"line":52,"column":18}},"type":"cond-expr","locations":[{"start":{"line":49,"column":16},"end":{"line":49,"column":46}},{"start":{"line":50,"column":16},"end":{"line":52,"column":18}}],"line":48}},"s":{"0":2,"1":2,"2":4,"3":4,"4":1,"5":1,"6":1},"f":{"0":2,"1":4,"2":1,"3":1},"b":{"0":[4,1],"1":[1,0]},"_coverageSchema":"1a1c01bbd47fc00a2c39e90264f33305004495a9","hash":"0064784618fae1e83afbc8bbae7230ef40e588b3"}
}
