TN:
SF:src\api\fetchPokemon.tsx
FN:4,(anonymous_0)
FNF:1
FNH:1
FNDA:2,(anonymous_0)
DA:2,1
DA:4,1
DA:5,2
DA:6,2
LF:4
LH:4
BRF:0
BRH:0
end_of_record
TN:
SF:src\screens\PokeData.tsx
FN:36,(anonymous_0)
FN:45,(anonymous_1)
FN:62,(anonymous_2)
FN:65,(anonymous_3)
FNF:4
FNH:4
FNDA:1,(anonymous_0)
FNDA:1,(anonymous_1)
FNDA:1,(anonymous_2)
FNDA:2,(anonymous_3)
DA:37,1
DA:38,1
DA:45,1
DA:46,1
DA:47,1
DA:48,1
DA:49,0
DA:55,1
DA:63,1
DA:66,2
DA:67,2
DA:94,1
LF:12
LH:11
BRDA:49,0,0,0
BRDA:49,0,1,0
BRDA:69,1,0,2
BRDA:69,1,1,1
BRDA:70,2,0,2
BRDA:70,2,1,1
BRF:6
BRH:4
end_of_record
TN:
SF:src\screens\PokeInput.tsx
FN:23,(anonymous_0)
FN:30,(anonymous_1)
FN:37,(anonymous_2)
FN:47,(anonymous_3)
FNF:4
FNH:4
FNDA:2,(anonymous_0)
FNDA:4,(anonymous_1)
FNDA:1,(anonymous_2)
FNDA:1,(anonymous_3)
DA:24,2
DA:25,2
DA:31,4
DA:32,4
DA:37,1
DA:48,1
DA:63,1
LF:7
LH:7
BRDA:42,0,0,4
BRDA:42,0,1,1
BRDA:48,1,0,1
BRDA:48,1,1,0
BRF:4
BRH:3
end_of_record
